This file contains any messages produced by compilers while
running configure, to aid debugging if configure makes a mistake.

It was created by configure, which was
generated by GNU Autoconf 2.57.  Invocation command line was

  $ ./configure --with-ssl-dir=/usr

## --------- ##
## Platform. ##
## --------- ##

hostname = devlinux
uname -m = i686
uname -r = 2.4.20-6
uname -s = Linux
uname -v = #1 Thu Feb 27 10:01:19 EST 2003

/usr/bin/uname -p = unknown
/bin/uname -X     = unknown

/bin/arch              = i686
/usr/bin/arch -k       = unknown
/usr/convex/getsysinfo = unknown
hostinfo               = unknown
/bin/machine           = unknown
/usr/bin/oslevel       = unknown
/bin/universe          = unknown

PATH: /usr/local/bin
PATH: /usr/bin
PATH: /bin
PATH: /usr/X11R6/bin
PATH: /home/davidmc/bin
PATH: /usr/local/pgsql/bin
PATH: /opt/SUNWappserver/jdk/bin
PATH: .


## ----------- ##
## Core tests. ##
## ----------- ##

configure:1314: checking for gcc
configure:1330: found /usr/bin/gcc
configure:1340: result: gcc
configure:1584: checking for C compiler version
configure:1587: gcc --version </dev/null >&5
gcc (GCC) 3.2.2 20030222 (Red Hat Linux 3.2.2-5)
Copyright (C) 2002 Free Software Foundation, Inc.
This is free software; see the source for copying conditions.  There is NO
warranty; not even for MERCHANTABILITY or FITNESS FOR A PARTICULAR PURPOSE.

configure:1590: $? = 0
configure:1592: gcc -v </dev/null >&5
Reading specs from /usr/lib/gcc-lib/i386-redhat-linux/3.2.2/specs
Configured with: ../configure --prefix=/usr --mandir=/usr/share/man --infodir=/usr/share/info --enable-shared --enable-threads=posix --disable-checking --with-system-zlib --enable-__cxa_atexit --host=i386-redhat-linux
Thread model: posix
gcc version 3.2.2 20030222 (Red Hat Linux 3.2.2-5)
configure:1595: $? = 0
configure:1597: gcc -V </dev/null >&5
gcc: argument to `-V' is missing
configure:1600: $? = 1
configure:1624: checking for C compiler default output
configure:1627: gcc    conftest.c  >&5
configure:1630: $? = 0
configure:1676: result: a.out
configure:1681: checking whether the C compiler works
configure:1687: ./a.out
configure:1690: $? = 0
configure:1707: result: yes
configure:1714: checking whether we are cross compiling
configure:1716: result: no
configure:1719: checking for suffix of executables
configure:1721: gcc -o conftest    conftest.c  >&5
configure:1724: $? = 0
configure:1749: result: 
configure:1755: checking for suffix of object files
configure:1777: gcc -c   conftest.c >&5
configure:1780: $? = 0
configure:1802: result: o
configure:1806: checking whether we are using the GNU C compiler
configure:1831: gcc -c   conftest.c >&5
configure:1834: $? = 0
configure:1837: test -s conftest.o
configure:1840: $? = 0
configure:1853: result: yes
configure:1859: checking whether gcc accepts -g
configure:1881: gcc -c -g  conftest.c >&5
configure:1884: $? = 0
configure:1887: test -s conftest.o
configure:1890: $? = 0
configure:1901: result: yes
configure:1918: checking for gcc option to accept ANSI C
configure:1979: gcc  -c -g -O2  conftest.c >&5
configure:1982: $? = 0
configure:1985: test -s conftest.o
configure:1988: $? = 0
configure:2006: result: none needed
configure:2024: gcc -c -g -O2  conftest.c >&5
conftest.c:2: parse error before "me"
configure:2027: $? = 1
configure: failed program was:
| #ifndef __cplusplus
|   choke me
| #endif
configure:2143: checking how to run the C preprocessor
configure:2179: gcc -E  conftest.c
configure:2185: $? = 0
configure:2217: gcc -E  conftest.c
configure:2216:28: ac_nonexistent.h: No such file or directory
configure:2223: $? = 1
configure: failed program was:
| #line 2208 "configure"
| /* confdefs.h.  */
| 
| #define PACKAGE_NAME ""
| #define PACKAGE_TARNAME ""
| #define PACKAGE_VERSION ""
| #define PACKAGE_STRING ""
| #define PACKAGE_BUGREPORT ""
| /* end confdefs.h.  */
| #include <ac_nonexistent.h>
configure:2261: result: gcc -E
configure:2286: gcc -E  conftest.c
configure:2292: $? = 0
configure:2324: gcc -E  conftest.c
configure:2323:28: ac_nonexistent.h: No such file or directory
configure:2330: $? = 1
configure: failed program was:
| #line 2315 "configure"
| /* confdefs.h.  */
| 
| #define PACKAGE_NAME ""
| #define PACKAGE_TARNAME ""
| #define PACKAGE_VERSION ""
| #define PACKAGE_STRING ""
| #define PACKAGE_BUGREPORT ""
| /* end confdefs.h.  */
| #include <ac_nonexistent.h>
configure:2373: checking for egrep
configure:2383: result: grep -E
configure:2388: checking for ANSI C header files
configure:2414: gcc -c -g -O2  conftest.c >&5
configure:2417: $? = 0
configure:2420: test -s conftest.o
configure:2423: $? = 0
configure:2512: gcc -o conftest -g -O2   conftest.c  >&5
configure:2515: $? = 0
configure:2517: ./conftest
configure:2520: $? = 0
configure:2535: result: yes
configure:2559: checking for sys/types.h
configure:2576: gcc -c -g -O2  conftest.c >&5
configure:2579: $? = 0
configure:2582: test -s conftest.o
configure:2585: $? = 0
configure:2596: result: yes
configure:2559: checking for sys/stat.h
configure:2576: gcc -c -g -O2  conftest.c >&5
configure:2579: $? = 0
configure:2582: test -s conftest.o
configure:2585: $? = 0
configure:2596: result: yes
configure:2559: checking for stdlib.h
configure:2576: gcc -c -g -O2  conftest.c >&5
configure:2579: $? = 0
configure:2582: test -s conftest.o
configure:2585: $? = 0
configure:2596: result: yes
configure:2559: checking for string.h
configure:2576: gcc -c -g -O2  conftest.c >&5
configure:2579: $? = 0
configure:2582: test -s conftest.o
configure:2585: $? = 0
configure:2596: result: yes
configure:2559: checking for memory.h
configure:2576: gcc -c -g -O2  conftest.c >&5
configure:2579: $? = 0
configure:2582: test -s conftest.o
configure:2585: $? = 0
configure:2596: result: yes
configure:2559: checking for strings.h
configure:2576: gcc -c -g -O2  conftest.c >&5
configure:2579: $? = 0
configure:2582: test -s conftest.o
configure:2585: $? = 0
configure:2596: result: yes
configure:2559: checking for inttypes.h
configure:2576: gcc -c -g -O2  conftest.c >&5
configure:2579: $? = 0
configure:2582: test -s conftest.o
configure:2585: $? = 0
configure:2596: result: yes
configure:2559: checking for stdint.h
configure:2576: gcc -c -g -O2  conftest.c >&5
configure:2579: $? = 0
configure:2582: test -s conftest.o
configure:2585: $? = 0
configure:2596: result: yes
configure:2559: checking for unistd.h
configure:2576: gcc -c -g -O2  conftest.c >&5
configure:2579: $? = 0
configure:2582: test -s conftest.o
configure:2585: $? = 0
configure:2596: result: yes
configure:2625: checking fcntl.h usability
configure:2638: gcc -c -g -O2  conftest.c >&5
configure:2641: $? = 0
configure:2644: test -s conftest.o
configure:2647: $? = 0
configure:2657: result: yes
configure:2661: checking fcntl.h presence
configure:2672: gcc -E  conftest.c
configure:2678: $? = 0
configure:2697: result: yes
configure:2733: checking for fcntl.h
configure:2740: result: yes
configure:2616: checking for strings.h
configure:2621: result: yes
configure:2625: checking sys/time.h usability
configure:2638: gcc -c -g -O2  conftest.c >&5
configure:2641: $? = 0
configure:2644: test -s conftest.o
configure:2647: $? = 0
configure:2657: result: yes
configure:2661: checking sys/time.h presence
configure:2672: gcc -E  conftest.c
configure:2678: $? = 0
configure:2697: result: yes
configure:2733: checking for sys/time.h
configure:2740: result: yes
configure:2616: checking for unistd.h
configure:2621: result: yes
configure:2754: checking for an ANSI C-conforming const
configure:2822: gcc -c -g -O2  conftest.c >&5
configure:2825: $? = 0
configure:2828: test -s conftest.o
configure:2831: $? = 0
configure:2842: result: yes
configure:2852: checking whether time.h and sys/time.h may both be included
configure:2878: gcc -c -g -O2  conftest.c >&5
configure:2881: $? = 0
configure:2884: test -s conftest.o
configure:2887: $? = 0
configure:2898: result: yes
configure:2909: checking for ANSI C header files
configure:3056: result: yes
configure:3071: checking for strdup
configure:3121: gcc -o conftest -g -O2   conftest.c  >&5
configure:3124: $? = 0
configure:3127: test -s conftest
configure:3130: $? = 0
configure:3141: result: yes
configure:3153: checking for gethostbyaddr in -lnsl
configure:3184: gcc -o conftest -g -O2   conftest.c -lnsl   >&5
configure:3187: $? = 0
configure:3190: test -s conftest
configure:3193: $? = 0
configure:3205: result: yes
configure:3217: checking for socket in -lsocket
configure:3248: gcc -o conftest -g -O2   conftest.c -lsocket  -lnsl  >&5
/usr/bin/ld: cannot find -lsocket
collect2: ld returned 1 exit status
configure:3251: $? = 1
configure: failed program was:
| #line 3224 "configure"
| /* confdefs.h.  */
| 
| #define PACKAGE_NAME ""
| #define PACKAGE_TARNAME ""
| #define PACKAGE_VERSION ""
| #define PACKAGE_STRING ""
| #define PACKAGE_BUGREPORT ""
| #define STDC_HEADERS 1
| #define HAVE_SYS_TYPES_H 1
| #define HAVE_SYS_STAT_H 1
| #define HAVE_STDLIB_H 1
| #define HAVE_STRING_H 1
| #define HAVE_MEMORY_H 1
| #define HAVE_STRINGS_H 1
| #define HAVE_INTTYPES_H 1
| #define HAVE_STDINT_H 1
| #define HAVE_UNISTD_H 1
| #define HAVE_FCNTL_H 1
| #define HAVE_STRINGS_H 1
| #define HAVE_SYS_TIME_H 1
| #define HAVE_UNISTD_H 1
| #define TIME_WITH_SYS_TIME 1
| #define STDC_HEADERS 1
| #define HAVE_STRDUP 1
| #define HAVE_LIBNSL 1
| /* end confdefs.h.  */
| 
| /* Override any gcc2 internal prototype to avoid an error.  */
| #ifdef __cplusplus
| extern "C"
| #endif
| /* We use char because int might match the return type of a gcc2
|    builtin and then its argument prototype would still apply.  */
| char socket ();
| int
| main ()
| {
| socket ();
|   ;
|   return 0;
| }
configure:3269: result: no
configure:3299: checking for CRYPTO_lock in -lcrypto
configure:3330: gcc -o conftest  -I/usr/include  -I/usr/include  -L/usr/lib conftest.c -lcrypto  -lnsl  >&5
configure:3333: $? = 0
configure:3336: test -s conftest
configure:3339: $? = 0
configure:3351: result: yes
configure:3365: checking for SSL_connect in -lssl
configure:3396: gcc -o conftest  -I/usr/include  -I/usr/include  -L/usr/lib conftest.c -lssl  -lcrypto -lnsl  >&5
configure:3399: $? = 0
configure:3402: test -s conftest
configure:3405: $? = 0
configure:3417: result: yes
configure:3447: checking openssl/crypto.h usability
configure:3460: gcc -c  -I/usr/include  -I/usr/include conftest.c >&5
configure:3463: $? = 0
configure:3466: test -s conftest.o
configure:3469: $? = 0
configure:3479: result: yes
configure:3483: checking openssl/crypto.h presence
configure:3494: gcc -E  -I/usr/include conftest.c
configure:3500: $? = 0
configure:3519: result: yes
configure:3555: checking for openssl/crypto.h
configure:3562: result: yes
configure:3681: creating ./config.status

## ---------------------- ##
## Running config.status. ##
## ---------------------- ##

This file was extended by config.status, which was
generated by GNU Autoconf 2.57.  Invocation command line was

  CONFIG_FILES    = 
  CONFIG_HEADERS  = 
  CONFIG_LINKS    = 
  CONFIG_COMMANDS = 
  $ ./config.status 

on devlinux

config.status:607: creating Makefile
config.status:710: creating config.h

## ---------------- ##
## Cache variables. ##
## ---------------- ##

ac_cv_c_compiler_gnu=yes
ac_cv_c_const=yes
ac_cv_env_CC_set=
ac_cv_env_CC_value=
ac_cv_env_CFLAGS_set=
ac_cv_env_CFLAGS_value=
ac_cv_env_CPPFLAGS_set=
ac_cv_env_CPPFLAGS_value=
ac_cv_env_CPP_set=
ac_cv_env_CPP_value=
ac_cv_env_LDFLAGS_set=
ac_cv_env_LDFLAGS_value=
ac_cv_env_build_alias_set=
ac_cv_env_build_alias_value=
ac_cv_env_host_alias_set=
ac_cv_env_host_alias_value=
ac_cv_env_target_alias_set=
ac_cv_env_target_alias_value=
ac_cv_exeext=
ac_cv_func_strdup=yes
ac_cv_header_fcntl_h=yes
ac_cv_header_inttypes_h=yes
ac_cv_header_memory_h=yes
ac_cv_header_openssl_crypto_h=yes
ac_cv_header_stdc=yes
ac_cv_header_stdint_h=yes
ac_cv_header_stdlib_h=yes
ac_cv_header_string_h=yes
ac_cv_header_strings_h=yes
ac_cv_header_sys_stat_h=yes
ac_cv_header_sys_time_h=yes
ac_cv_header_sys_types_h=yes
ac_cv_header_time=yes
ac_cv_header_unistd_h=yes
ac_cv_lib_crypto_CRYPTO_lock=yes
ac_cv_lib_nsl_gethostbyaddr=yes
ac_cv_lib_socket_socket=no
ac_cv_lib_ssl_SSL_connect=yes
ac_cv_objext=o
ac_cv_prog_CPP='gcc -E'
ac_cv_prog_ac_ct_CC=gcc
ac_cv_prog_cc_g=yes
ac_cv_prog_cc_stdc=
ac_cv_prog_egrep='grep -E'

## ----------------- ##
## Output variables. ##
## ----------------- ##

CC='gcc'
CFLAGS=' -I/usr/include'
CPP='gcc -E'
CPPFLAGS=' -I/usr/include'
DEFS='-DHAVE_CONFIG_H'
ECHO_C=''
ECHO_N='-n'
ECHO_T=''
EGREP='grep -E'
EXEEXT=''
LDFLAGS=' -L/usr/lib'
LIBOBJS=''
LIBS='-lssl -lcrypto -lnsl '
LTLIBOBJS=''
OBJEXT='o'
PACKAGE_BUGREPORT=''
PACKAGE_NAME=''
PACKAGE_STRING=''
PACKAGE_TARNAME=''
PACKAGE_VERSION=''
PATH_SEPARATOR=':'
SHELL='/bin/sh'
ac_ct_CC='gcc'
bindir='${exec_prefix}/bin'
build_alias=''
datadir='${prefix}/share'
exec_prefix='${prefix}'
host_alias=''
includedir='${prefix}/include'
infodir='${prefix}/info'
libdir='${exec_prefix}/lib'
libexecdir='${exec_prefix}/libexec'
localstatedir='${prefix}/var'
mandir='${prefix}/man'
oldincludedir='/usr/include'
prefix='/usr/local'
program_transform_name='s,x,x,'
sbindir='${exec_prefix}/sbin'
sharedstatedir='${prefix}/com'
sysconfdir='${prefix}/etc'
target_alias=''

## ----------- ##
## confdefs.h. ##
## ----------- ##

#define HAVE_FCNTL_H 1
#define HAVE_INTTYPES_H 1
#define HAVE_LIBCRYPTO 1
#define HAVE_LIBNSL 1
#define HAVE_LIBSSL 1
#define HAVE_MEMORY_H 1
#define HAVE_STDINT_H 1
#define HAVE_STDLIB_H 1
#define HAVE_STRDUP 1
#define HAVE_STRINGS_H 1
#define HAVE_STRINGS_H 1
#define HAVE_STRING_H 1
#define HAVE_SYS_STAT_H 1
#define HAVE_SYS_TIME_H 1
#define HAVE_SYS_TYPES_H 1
#define HAVE_UNISTD_H 1
#define HAVE_UNISTD_H 1
#define PACKAGE_BUGREPORT ""
#define PACKAGE_NAME ""
#define PACKAGE_STRING ""
#define PACKAGE_TARNAME ""
#define PACKAGE_VERSION ""
#define STDC_HEADERS 1
#define STDC_HEADERS 1
#define TCLINK_VERSION "3.4-C-Linux-i686"
#define TIME_WITH_SYS_TIME 1

configure: exit 0
